<?xml version="1.0" encoding="UTF-8"?>
<testng-results ignored="0" total="1" passed="1" failed="0" skipped="0">
  <reporter-output>
  </reporter-output>
  <suite started-at="2021-10-30T08:07:41Z" name="Default suite" finished-at="2021-10-30T08:07:45Z" duration-ms="4384">
    <groups>
    </groups>
    <test started-at="2021-10-30T08:07:41Z" name="Default test" finished-at="2021-10-30T08:07:45Z" duration-ms="4384">
      <class name="Parameter_Authentication.OAuth2authentication">
        <test-method signature="oauth2authentication()[pri:0, instance:Parameter_Authentication.OAuth2authentication@7daa0fbd]" started-at="2021-10-30T08:07:41Z" name="oauth2authentication" finished-at="2021-10-30T08:07:45Z" duration-ms="4351" status="PASS">
          <reporter-output>
          </reporter-output>
        </test-method> <!-- oauth2authentication -->
      </class> <!-- Parameter_Authentication.OAuth2authentication -->
    </test> <!-- Default test -->
  </suite> <!-- Default suite -->
</testng-results>
